# JRE version: OpenJDK Runtime Environment (11.0.15) (build 11.0.15+0-b2043.56-9505619)
# Java VM: OpenJDK 64-Bit Server VM (11.0.15+0-b2043.56-9505619, mixed mode, tiered, compressed oops, g1 gc, windows-amd64)
Heap:
 garbage-first heap   total 450560K, used 229540K [0x0000000080000000, 0x0000000100000000)
  region size 1024K, 9 young (9216K), 9 survivors (9216K)
 Metaspace       used 123338K, capacity 127364K, committed 127536K, reserved 1159168K
  class space    used 15813K, capacity 17376K, committed 17408K, reserved 1048576K
GC Heap History (20 events):
Event: 87.548 GC heap after
{Heap after GC invocations=74 (full 0):
 garbage-first heap   total 317440K, used 153961K [0x0000000080000000, 0x0000000100000000)
  region size 1024K, 19 young (19456K), 19 survivors (19456K)
 Metaspace       used 114908K, capacity 118340K, committed 118448K, reserved 1153024K
  class space    used 14633K, capacity 15943K, committed 16000K, reserved 1048576K
}
Event: 88.462 GC heap before
{Heap before GC invocations=74 (full 0):
 garbage-first heap   total 317440K, used 252265K [0x0000000080000000, 0x0000000100000000)
  region size 1024K, 116 young (118784K), 19 survivors (19456K)
 Metaspace       used 119753K, capacity 123549K, committed 123696K, reserved 1157120K
  class space    used 15401K, capacity 16872K, committed 16896K, reserved 1048576K
}
Event: 88.500 GC heap after
{Heap after GC invocations=75 (full 0):
 garbage-first heap   total 317440K, used 166119K [0x0000000080000000, 0x0000000100000000)
  region size 1024K, 14 young (14336K), 14 survivors (14336K)
 Metaspace       used 119753K, capacity 123549K, committed 123696K, reserved 1157120K
  class space    used 15401K, capacity 16872K, committed 16896K, reserved 1048576K
}
Event: 88.985 GC heap before
{Heap before GC invocations=75 (full 0):
 garbage-first heap   total 317440K, used 254183K [0x0000000080000000, 0x0000000100000000)
  region size 1024K, 101 young (103424K), 14 survivors (14336K)
 Metaspace       used 121206K, capacity 125005K, committed 125232K, reserved 1157120K
  class space    used 15595K, capacity 17091K, committed 17152K, reserved 1048576K
}
Event: 89.020 GC heap after
{Heap after GC invocations=76 (full 0):
 garbage-first heap   total 317440K, used 180934K [0x0000000080000000, 0x0000000100000000)
  region size 1024K, 13 young (13312K), 13 survivors (13312K)
 Metaspace       used 121206K, capacity 125005K, committed 125232K, reserved 1157120K
  class space    used 15595K, capacity 17091K, committed 17152K, reserved 1048576K
}
Event: 89.258 GC heap before
{Heap before GC invocations=76 (full 0):
 garbage-first heap   total 317440K, used 256710K [0x0000000080000000, 0x0000000100000000)
  region size 1024K, 88 young (90112K), 13 survivors (13312K)
 Metaspace       used 121616K, capacity 125484K, committed 125744K, reserved 1159168K
  class space    used 15650K, capacity 17141K, committed 17152K, reserved 1048576K
}
Event: 89.288 GC heap after
{Heap after GC invocations=77 (full 0):
 garbage-first heap   total 317440K, used 193225K [0x0000000080000000, 0x0000000100000000)
  region size 1024K, 11 young (11264K), 11 survivors (11264K)
 Metaspace       used 121616K, capacity 125484K, committed 125744K, reserved 1159168K
  class space    used 15650K, capacity 17141K, committed 17152K, reserved 1048576K
}
Event: 89.497 GC heap before
{Heap before GC invocations=77 (full 0):
 garbage-first heap   total 317440K, used 259785K [0x0000000080000000, 0x0000000100000000)
  region size 1024K, 77 young (78848K), 11 survivors (11264K)
 Metaspace       used 121887K, capacity 125756K, committed 125872K, reserved 1159168K
  class space    used 15679K, capacity 17185K, committed 17280K, reserved 1048576K
}
Event: 89.528 GC heap after
{Heap after GC invocations=78 (full 0):
 garbage-first heap   total 380928K, used 202993K [0x0000000080000000, 0x0000000100000000)
  region size 1024K, 10 young (10240K), 10 survivors (10240K)
 Metaspace       used 121887K, capacity 125756K, committed 125872K, reserved 1159168K
  class space    used 15679K, capacity 17185K, committed 17280K, reserved 1048576K
}
Event: 89.980 GC heap before
{Heap before GC invocations=78 (full 0):
 garbage-first heap   total 380928K, used 293105K [0x0000000080000000, 0x0000000100000000)
  region size 1024K, 98 young (100352K), 10 survivors (10240K)
 Metaspace       used 122212K, capacity 126088K, committed 126384K, reserved 1159168K
  class space    used 15688K, capacity 17188K, committed 17280K, reserved 1048576K
}
Event: 90.002 GC heap after
{Heap after GC invocations=79 (full 0):
 garbage-first heap   total 380928K, used 209167K [0x0000000080000000, 0x0000000100000000)
  region size 1024K, 7 young (7168K), 7 survivors (7168K)
 Metaspace       used 122212K, capacity 126088K, committed 126384K, reserved 1159168K
  class space    used 15688K, capacity 17188K, committed 17280K, reserved 1048576K
}
Event: 90.301 GC heap before
{Heap before GC invocations=79 (full 0):
 garbage-first heap   total 380928K, used 300303K [0x0000000080000000, 0x0000000100000000)
  region size 1024K, 96 young (98304K), 7 survivors (7168K)
 Metaspace       used 122341K, capacity 126193K, committed 126384K, reserved 1159168K
  class space    used 15709K, capacity 17201K, committed 17280K, reserved 1048576K
}
Event: 90.320 GC heap after
{Heap after GC invocations=80 (full 0):
 garbage-first heap   total 380928K, used 214472K [0x0000000080000000, 0x0000000100000000)
  region size 1024K, 6 young (6144K), 6 survivors (6144K)
 Metaspace       used 122341K, capacity 126193K, committed 126384K, reserved 1159168K
  class space    used 15709K, capacity 17201K, committed 17280K, reserved 1048576K
}
Event: 90.678 GC heap before
{Heap before GC invocations=80 (full 0):
 garbage-first heap   total 380928K, used 305608K [0x0000000080000000, 0x0000000100000000)
  region size 1024K, 95 young (97280K), 6 survivors (6144K)
 Metaspace       used 122383K, capacity 126306K, committed 126384K, reserved 1159168K
  class space    used 15718K, capacity 17239K, committed 17280K, reserved 1048576K
}
Event: 90.699 GC heap after
{Heap after GC invocations=81 (full 0):
 garbage-first heap   total 380928K, used 220199K [0x0000000080000000, 0x0000000100000000)
  region size 1024K, 12 young (12288K), 12 survivors (12288K)
 Metaspace       used 122383K, capacity 126306K, committed 126384K, reserved 1159168K
  class space    used 15718K, capacity 17239K, committed 17280K, reserved 1048576K
}
Event: 91.118 GC heap before
{Heap before GC invocations=81 (full 0):
 garbage-first heap   total 380928K, used 309287K [0x0000000080000000, 0x0000000100000000)
  region size 1024K, 100 young (102400K), 12 survivors (12288K)
 Metaspace       used 122580K, capacity 126482K, committed 126640K, reserved 1159168K
  class space    used 15740K, capacity 17255K, committed 17280K, reserved 1048576K
}
Event: 91.138 GC heap after
{Heap after GC invocations=82 (full 0):
 garbage-first heap   total 380928K, used 221786K [0x0000000080000000, 0x0000000100000000)
  region size 1024K, 8 young (8192K), 8 survivors (8192K)
 Metaspace       used 122580K, capacity 126482K, committed 126640K, reserved 1159168K
  class space    used 15740K, capacity 17255K, committed 17280K, reserved 1048576K
}
Event: 91.586 GC heap before
{Heap before GC invocations=82 (full 0):
 garbage-first heap   total 380928K, used 314970K [0x0000000080000000, 0x0000000100000000)
  region size 1024K, 99 young (101376K), 8 survivors (8192K)
 Metaspace       used 123171K, capacity 127206K, committed 127280K, reserved 1159168K
  class space    used 15810K, capacity 17370K, committed 17408K, reserved 1048576K
}
Event: 91.606 GC heap after
{Heap after GC invocations=83 (full 0):
 garbage-first heap   total 380928K, used 226636K [0x0000000080000000, 0x0000000100000000)
  region size 1024K, 8 young (8192K), 8 survivors (8192K)
 Metaspace       used 123171K, capacity 127206K, committed 127280K, reserved 1159168K
  class space    used 15810K, capacity 17370K, committed 17408K, reserved 1048576K
}
Event: 91.936 GC heap before
{Heap before GC invocations=83 (full 0):
 garbage-first heap   total 380928K, used 316748K [0x0000000080000000, 0x0000000100000000)
  region size 1024K, 97 young (99328K), 8 survivors (8192K)
 Metaspace       used 123338K, capacity 127364K, committed 127536K, reserved 1159168K
  class space    used 15813K, capacity 17376K, committed 17408K, reserved 1048576K
}

