# JRE version: OpenJDK Runtime Environment (11.0.15) (build 11.0.15+0-b2043.56-9505619)
# Java VM: OpenJDK 64-Bit Server VM (11.0.15+0-b2043.56-9505619, mixed mode, tiered, compressed oops, g1 gc, windows-amd64)
Heap:
 garbage-first heap   total 398336K, used 313615K [0x0000000080000000, 0x0000000100000000)
  region size 1024K, 36 young (36864K), 8 survivors (8192K)
 Metaspace       used 137576K, capacity 141710K, committed 141820K, reserved 1171456K
  class space    used 17468K, capacity 18972K, committed 19072K, reserved 1048576K
GC Heap History (20 events):
Event: 707.249 GC heap before
{Heap before GC invocations=153 (full 0):
 garbage-first heap   total 331776K, used 266835K [0x0000000080000000, 0x0000000100000000)
  region size 1024K, 16 young (16384K), 4 survivors (4096K)
 Metaspace       used 127159K, capacity 130911K, committed 131196K, reserved 1163264K
  class space    used 16047K, capacity 17391K, committed 17408K, reserved 1048576K
}
Event: 707.259 GC heap after
{Heap after GC invocations=154 (full 0):
 garbage-first heap   total 331776K, used 255302K [0x0000000080000000, 0x0000000100000000)
  region size 1024K, 2 young (2048K), 2 survivors (2048K)
 Metaspace       used 127159K, capacity 130911K, committed 131196K, reserved 1163264K
  class space    used 16047K, capacity 17391K, committed 17408K, reserved 1048576K
}
Event: 707.448 GC heap before
{Heap before GC invocations=154 (full 0):
 garbage-first heap   total 331776K, used 277830K [0x0000000080000000, 0x0000000100000000)
  region size 1024K, 24 young (24576K), 2 survivors (2048K)
 Metaspace       used 127290K, capacity 131039K, committed 131196K, reserved 1163264K
  class space    used 16047K, capacity 17391K, committed 17408K, reserved 1048576K
}
Event: 707.457 GC heap after
{Heap after GC invocations=155 (full 0):
 garbage-first heap   total 331776K, used 256265K [0x0000000080000000, 0x0000000100000000)
  region size 1024K, 3 young (3072K), 3 survivors (3072K)
 Metaspace       used 127290K, capacity 131039K, committed 131196K, reserved 1163264K
  class space    used 16047K, capacity 17391K, committed 17408K, reserved 1048576K
}
Event: 707.836 GC heap before
{Heap before GC invocations=155 (full 0):
 garbage-first heap   total 331776K, used 262409K [0x0000000080000000, 0x0000000100000000)
  region size 1024K, 26 young (26624K), 3 survivors (3072K)
 Metaspace       used 127633K, capacity 131403K, committed 131580K, reserved 1163264K
  class space    used 16064K, capacity 17423K, committed 17536K, reserved 1048576K
}
Event: 707.843 GC heap after
{Heap after GC invocations=156 (full 0):
 garbage-first heap   total 331776K, used 241026K [0x0000000080000000, 0x0000000100000000)
  region size 1024K, 3 young (3072K), 3 survivors (3072K)
 Metaspace       used 127633K, capacity 131403K, committed 131580K, reserved 1163264K
  class space    used 16064K, capacity 17423K, committed 17536K, reserved 1048576K
}
Event: 708.143 GC heap before
{Heap before GC invocations=157 (full 0):
 garbage-first heap   total 331776K, used 271746K [0x0000000080000000, 0x0000000100000000)
  region size 1024K, 34 young (34816K), 3 survivors (3072K)
 Metaspace       used 128219K, capacity 131967K, committed 132092K, reserved 1163264K
  class space    used 16123K, capacity 17474K, committed 17536K, reserved 1048576K
}
Event: 708.155 GC heap after
{Heap after GC invocations=158 (full 0):
 garbage-first heap   total 331776K, used 243537K [0x0000000080000000, 0x0000000100000000)
  region size 1024K, 5 young (5120K), 5 survivors (5120K)
 Metaspace       used 128219K, capacity 131967K, committed 132092K, reserved 1163264K
  class space    used 16123K, capacity 17474K, committed 17536K, reserved 1048576K
}
Event: 708.252 GC heap before
{Heap before GC invocations=158 (full 0):
 garbage-first heap   total 331776K, used 253777K [0x0000000080000000, 0x0000000100000000)
  region size 1024K, 16 young (16384K), 5 survivors (5120K)
 Metaspace       used 128532K, capacity 132256K, committed 132348K, reserved 1165312K
  class space    used 16145K, capacity 17506K, committed 17536K, reserved 1048576K
}
Event: 708.267 GC heap after
{Heap after GC invocations=159 (full 0):
 garbage-first heap   total 331776K, used 228941K [0x0000000080000000, 0x0000000100000000)
  region size 1024K, 2 young (2048K), 2 survivors (2048K)
 Metaspace       used 128532K, capacity 132256K, committed 132348K, reserved 1165312K
  class space    used 16145K, capacity 17506K, committed 17536K, reserved 1048576K
}
Event: 708.691 GC heap before
{Heap before GC invocations=159 (full 0):
 garbage-first heap   total 331776K, used 266829K [0x0000000080000000, 0x0000000100000000)
  region size 1024K, 40 young (40960K), 2 survivors (2048K)
 Metaspace       used 129170K, capacity 132977K, committed 133244K, reserved 1165312K
  class space    used 16208K, capacity 17576K, committed 17664K, reserved 1048576K
}
Event: 708.704 GC heap after
{Heap after GC invocations=160 (full 0):
 garbage-first heap   total 331776K, used 234745K [0x0000000080000000, 0x0000000100000000)
  region size 1024K, 5 young (5120K), 5 survivors (5120K)
 Metaspace       used 129170K, capacity 132977K, committed 133244K, reserved 1165312K
  class space    used 16208K, capacity 17576K, committed 17664K, reserved 1048576K
}
Event: 709.429 GC heap before
{Heap before GC invocations=160 (full 0):
 garbage-first heap   total 331776K, used 270585K [0x0000000080000000, 0x0000000100000000)
  region size 1024K, 41 young (41984K), 5 survivors (5120K)
 Metaspace       used 130293K, capacity 134203K, committed 134396K, reserved 1165312K
  class space    used 16319K, capacity 17681K, committed 17792K, reserved 1048576K
}
Event: 709.439 GC heap after
{Heap after GC invocations=161 (full 0):
 garbage-first heap   total 331776K, used 238640K [0x0000000080000000, 0x0000000100000000)
  region size 1024K, 4 young (4096K), 4 survivors (4096K)
 Metaspace       used 130293K, capacity 134203K, committed 134396K, reserved 1165312K
  class space    used 16319K, capacity 17681K, committed 17792K, reserved 1048576K
}
Event: 710.072 GC heap before
{Heap before GC invocations=161 (full 0):
 garbage-first heap   total 331776K, used 274480K [0x0000000080000000, 0x0000000100000000)
  region size 1024K, 40 young (40960K), 4 survivors (4096K)
 Metaspace       used 131497K, capacity 135360K, committed 135548K, reserved 1167360K
  class space    used 16460K, capacity 17872K, committed 17920K, reserved 1048576K
}
Event: 710.087 GC heap after
{Heap after GC invocations=162 (full 0):
 garbage-first heap   total 398336K, used 242391K [0x0000000080000000, 0x0000000100000000)
  region size 1024K, 4 young (4096K), 4 survivors (4096K)
 Metaspace       used 131497K, capacity 135360K, committed 135548K, reserved 1167360K
  class space    used 16460K, capacity 17872K, committed 17920K, reserved 1048576K
}
Event: 710.930 GC heap before
{Heap before GC invocations=162 (full 0):
 garbage-first heap   total 398336K, used 308951K [0x0000000080000000, 0x0000000100000000)
  region size 1024K, 62 young (63488K), 4 survivors (4096K)
 Metaspace       used 132131K, capacity 136067K, committed 136188K, reserved 1167360K
  class space    used 16523K, capacity 17941K, committed 18048K, reserved 1048576K
}
Event: 710.945 GC heap after
{Heap after GC invocations=163 (full 0):
 garbage-first heap   total 398336K, used 255790K [0x0000000080000000, 0x0000000100000000)
  region size 1024K, 8 young (8192K), 8 survivors (8192K)
 Metaspace       used 132131K, capacity 136067K, committed 136188K, reserved 1167360K
  class space    used 16523K, capacity 17941K, committed 18048K, reserved 1048576K
}
Event: 711.778 GC heap before
{Heap before GC invocations=163 (full 0):
 garbage-first heap   total 398336K, used 343854K [0x0000000080000000, 0x0000000100000000)
  region size 1024K, 64 young (65536K), 8 survivors (8192K)
 Metaspace       used 135895K, capacity 139974K, committed 140028K, reserved 1171456K
  class space    used 17045K, capacity 18513K, committed 18560K, reserved 1048576K
}
Event: 711.798 GC heap after
{Heap after GC invocations=164 (full 0):
 garbage-first heap   total 398336K, used 283919K [0x0000000080000000, 0x0000000100000000)
  region size 1024K, 8 young (8192K), 8 survivors (8192K)
 Metaspace       used 135895K, capacity 139974K, committed 140028K, reserved 1171456K
  class space    used 17045K, capacity 18513K, committed 18560K, reserved 1048576K
}

