# JRE version: OpenJDK Runtime Environment (11.0.15) (build 11.0.15+0-b2043.56-9505619)
# Java VM: OpenJDK 64-Bit Server VM (11.0.15+0-b2043.56-9505619, mixed mode, tiered, compressed oops, g1 gc, windows-amd64)
Heap:
 garbage-first heap   total 548864K, used 352256K [0x0000000080000000, 0x0000000100000000)
  region size 1024K, 6 young (6144K), 6 survivors (6144K)
 Metaspace       used 150431K, capacity 155207K, committed 155388K, reserved 1183744K
  class space    used 19032K, capacity 20749K, committed 20864K, reserved 1048576K
GC Heap History (20 events):
Event: 2359.068 GC heap after
{Heap after GC invocations=168 (full 0):
 garbage-first heap   total 337920K, used 249220K [0x0000000080000000, 0x0000000100000000)
  region size 1024K, 2 young (2048K), 2 survivors (2048K)
 Metaspace       used 132280K, capacity 136239K, committed 136444K, reserved 1167360K
  class space    used 16535K, capacity 17923K, committed 18048K, reserved 1048576K
}
Event: 2359.353 GC heap before
{Heap before GC invocations=168 (full 0):
 garbage-first heap   total 337920K, used 272772K [0x0000000080000000, 0x0000000100000000)
  region size 1024K, 25 young (25600K), 2 survivors (2048K)
 Metaspace       used 132486K, capacity 136431K, committed 136700K, reserved 1167360K
  class space    used 16538K, capacity 17923K, committed 18048K, reserved 1048576K
}
Event: 2359.358 GC heap after
{Heap after GC invocations=169 (full 0):
 garbage-first heap   total 337920K, used 250100K [0x0000000080000000, 0x0000000100000000)
  region size 1024K, 3 young (3072K), 3 survivors (3072K)
 Metaspace       used 132486K, capacity 136431K, committed 136700K, reserved 1167360K
  class space    used 16538K, capacity 17923K, committed 18048K, reserved 1048576K
}
Event: 2359.580 GC heap before
{Heap before GC invocations=169 (full 0):
 garbage-first heap   total 337920K, used 274676K [0x0000000080000000, 0x0000000100000000)
  region size 1024K, 28 young (28672K), 3 survivors (3072K)
 Metaspace       used 133326K, capacity 137253K, committed 137468K, reserved 1169408K
  class space    used 16625K, capacity 18019K, committed 18048K, reserved 1048576K
}
Event: 2359.590 GC heap after
{Heap after GC invocations=170 (full 0):
 garbage-first heap   total 337920K, used 250919K [0x0000000080000000, 0x0000000100000000)
  region size 1024K, 3 young (3072K), 3 survivors (3072K)
 Metaspace       used 133326K, capacity 137253K, committed 137468K, reserved 1169408K
  class space    used 16625K, capacity 18019K, committed 18048K, reserved 1048576K
}
Event: 2359.898 GC heap before
{Heap before GC invocations=170 (full 0):
 garbage-first heap   total 337920K, used 277543K [0x0000000080000000, 0x0000000100000000)
  region size 1024K, 30 young (30720K), 3 survivors (3072K)
 Metaspace       used 133949K, capacity 137912K, committed 138108K, reserved 1169408K
  class space    used 16711K, capacity 18085K, committed 18176K, reserved 1048576K
}
Event: 2359.904 GC heap after
{Heap after GC invocations=171 (full 0):
 garbage-first heap   total 337920K, used 252205K [0x0000000080000000, 0x0000000100000000)
  region size 1024K, 3 young (3072K), 3 survivors (3072K)
 Metaspace       used 133949K, capacity 137912K, committed 138108K, reserved 1169408K
  class space    used 16711K, capacity 18085K, committed 18176K, reserved 1048576K
}
Event: 2360.131 GC heap before
{Heap before GC invocations=171 (full 0):
 garbage-first heap   total 337920K, used 281901K [0x0000000080000000, 0x0000000100000000)
  region size 1024K, 32 young (32768K), 3 survivors (3072K)
 Metaspace       used 134550K, capacity 138516K, committed 138620K, reserved 1169408K
  class space    used 16776K, capacity 18159K, committed 18176K, reserved 1048576K
}
Event: 2360.142 GC heap after
{Heap after GC invocations=172 (full 0):
 garbage-first heap   total 337920K, used 258152K [0x0000000080000000, 0x0000000100000000)
  region size 1024K, 4 young (4096K), 4 survivors (4096K)
 Metaspace       used 134550K, capacity 138516K, committed 138620K, reserved 1169408K
  class space    used 16776K, capacity 18159K, committed 18176K, reserved 1048576K
}
Event: 2360.589 GC heap before
{Heap before GC invocations=172 (full 0):
 garbage-first heap   total 337920K, used 283752K [0x0000000080000000, 0x0000000100000000)
  region size 1024K, 30 young (30720K), 4 survivors (4096K)
 Metaspace       used 135297K, capacity 139230K, committed 139516K, reserved 1171456K
  class space    used 16843K, capacity 18241K, committed 18304K, reserved 1048576K
}
Event: 2360.605 GC heap after
{Heap after GC invocations=173 (full 0):
 garbage-first heap   total 441344K, used 260908K [0x0000000080000000, 0x0000000100000000)
  region size 1024K, 4 young (4096K), 4 survivors (4096K)
 Metaspace       used 135297K, capacity 139230K, committed 139516K, reserved 1171456K
  class space    used 16843K, capacity 18241K, committed 18304K, reserved 1048576K
}
Event: 2362.006 GC heap before
{Heap before GC invocations=173 (full 0):
 garbage-first heap   total 441344K, used 328492K [0x0000000080000000, 0x0000000100000000)
  region size 1024K, 71 young (72704K), 4 survivors (4096K)
 Metaspace       used 137687K, capacity 141775K, committed 141948K, reserved 1173504K
  class space    used 17166K, capacity 18579K, committed 18688K, reserved 1048576K
}
Event: 2362.022 GC heap after
{Heap after GC invocations=174 (full 0):
 garbage-first heap   total 441344K, used 264171K [0x0000000080000000, 0x0000000100000000)
  region size 1024K, 8 young (8192K), 8 survivors (8192K)
 Metaspace       used 137687K, capacity 141775K, committed 141948K, reserved 1173504K
  class space    used 17166K, capacity 18579K, committed 18688K, reserved 1048576K
}
Event: 2364.425 GC heap before
{Heap before GC invocations=174 (full 0):
 garbage-first heap   total 441344K, used 352235K [0x0000000080000000, 0x0000000100000000)
  region size 1024K, 79 young (80896K), 8 survivors (8192K)
 Metaspace       used 148792K, capacity 153433K, committed 153596K, reserved 1181696K
  class space    used 18799K, capacity 20481K, committed 20608K, reserved 1048576K
}
Event: 2364.444 GC heap after
{Heap after GC invocations=175 (full 0):
 garbage-first heap   total 441344K, used 283182K [0x0000000080000000, 0x0000000100000000)
  region size 1024K, 10 young (10240K), 10 survivors (10240K)
 Metaspace       used 148792K, capacity 153433K, committed 153596K, reserved 1181696K
  class space    used 18799K, capacity 20481K, committed 20608K, reserved 1048576K
}
Event: 2365.020 GC heap before
{Heap before GC invocations=175 (full 0):
 garbage-first heap   total 441344K, used 374318K [0x0000000080000000, 0x0000000100000000)
  region size 1024K, 76 young (77824K), 10 survivors (10240K)
 Metaspace       used 149444K, capacity 154146K, committed 154364K, reserved 1183744K
  class space    used 18869K, capacity 20541K, committed 20608K, reserved 1048576K
}
Event: 2365.050 GC heap after
{Heap after GC invocations=176 (full 0):
 garbage-first heap   total 441344K, used 310700K [0x0000000080000000, 0x0000000100000000)
  region size 1024K, 10 young (10240K), 10 survivors (10240K)
 Metaspace       used 149444K, capacity 154146K, committed 154364K, reserved 1183744K
  class space    used 18869K, capacity 20541K, committed 20608K, reserved 1048576K
}
Event: 2365.513 GC heap before
{Heap before GC invocations=176 (full 0):
 garbage-first heap   total 441344K, used 362924K [0x0000000080000000, 0x0000000100000000)
  region size 1024K, 60 young (61440K), 10 survivors (10240K)
 Metaspace       used 150343K, capacity 155130K, committed 155388K, reserved 1183744K
  class space    used 19032K, capacity 20749K, committed 20864K, reserved 1048576K
}
Event: 2365.563 GC heap after
{Heap after GC invocations=177 (full 0):
 garbage-first heap   total 441344K, used 333568K [0x0000000080000000, 0x0000000100000000)
  region size 1024K, 8 young (8192K), 8 survivors (8192K)
 Metaspace       used 150343K, capacity 155130K, committed 155388K, reserved 1183744K
  class space    used 19032K, capacity 20749K, committed 20864K, reserved 1048576K
}
Event: 2365.746 GC heap before
{Heap before GC invocations=177 (full 0):
 garbage-first heap   total 441344K, used 367360K [0x0000000080000000, 0x0000000100000000)
  region size 1024K, 41 young (41984K), 8 survivors (8192K)
 Metaspace       used 150431K, capacity 155207K, committed 155388K, reserved 1183744K
  class space    used 19032K, capacity 20749K, committed 20864K, reserved 1048576K
}

