# JRE version: OpenJDK Runtime Environment (11.0.15) (build 11.0.15+0-b2043.56-9505619)
# Java VM: OpenJDK 64-Bit Server VM (11.0.15+0-b2043.56-9505619, mixed mode, tiered, compressed oops, g1 gc, windows-amd64)
Heap:
 garbage-first heap   total 532480K, used 205242K [0x0000000080000000, 0x0000000100000000)
  region size 1024K, 3 young (3072K), 3 survivors (3072K)
 Metaspace       used 102833K, capacity 105592K, committed 105896K, reserved 1140736K
  class space    used 13530K, capacity 14594K, committed 14720K, reserved 1048576K
GC Heap History (20 events):
Event: 44.824 GC heap after
{Heap after GC invocations=50 (full 0):
 garbage-first heap   total 152576K, used 113133K [0x0000000080000000, 0x0000000100000000)
  region size 1024K, 3 young (3072K), 3 survivors (3072K)
 Metaspace       used 96156K, capacity 98743K, committed 99240K, reserved 1134592K
  class space    used 12493K, capacity 13483K, committed 13696K, reserved 1048576K
}
Event: 44.898 GC heap before
{Heap before GC invocations=50 (full 0):
 garbage-first heap   total 152576K, used 117229K [0x0000000080000000, 0x0000000100000000)
  region size 1024K, 9 young (9216K), 3 survivors (3072K)
 Metaspace       used 96764K, capacity 99292K, committed 99752K, reserved 1136640K
  class space    used 12556K, capacity 13560K, committed 13696K, reserved 1048576K
}
Event: 44.904 GC heap after
{Heap after GC invocations=51 (full 0):
 garbage-first heap   total 152576K, used 114144K [0x0000000080000000, 0x0000000100000000)
  region size 1024K, 2 young (2048K), 2 survivors (2048K)
 Metaspace       used 96764K, capacity 99292K, committed 99752K, reserved 1136640K
  class space    used 12556K, capacity 13560K, committed 13696K, reserved 1048576K
}
Event: 44.973 GC heap before
{Heap before GC invocations=51 (full 0):
 garbage-first heap   total 155648K, used 154080K [0x0000000080000000, 0x0000000100000000)
  region size 1024K, 14 young (14336K), 2 survivors (2048K)
 Metaspace       used 97139K, capacity 99725K, committed 100008K, reserved 1136640K
  class space    used 12610K, capacity 13600K, committed 13696K, reserved 1048576K
}
Event: 44.981 GC heap after
{Heap after GC invocations=52 (full 0):
 garbage-first heap   total 193536K, used 128115K [0x0000000080000000, 0x0000000100000000)
  region size 1024K, 2 young (2048K), 2 survivors (2048K)
 Metaspace       used 97139K, capacity 99725K, committed 100008K, reserved 1136640K
  class space    used 12610K, capacity 13600K, committed 13696K, reserved 1048576K
}
Event: 45.344 GC heap before
{Heap before GC invocations=53 (full 0):
 garbage-first heap   total 193536K, used 150643K [0x0000000080000000, 0x0000000100000000)
  region size 1024K, 25 young (25600K), 2 survivors (2048K)
 Metaspace       used 97938K, capacity 100468K, committed 100648K, reserved 1136640K
  class space    used 12714K, capacity 13719K, committed 13824K, reserved 1048576K
}
Event: 45.360 GC heap after
{Heap after GC invocations=54 (full 0):
 garbage-first heap   total 193536K, used 137410K [0x0000000080000000, 0x0000000100000000)
  region size 1024K, 4 young (4096K), 4 survivors (4096K)
 Metaspace       used 97938K, capacity 100468K, committed 100648K, reserved 1136640K
  class space    used 12714K, capacity 13719K, committed 13824K, reserved 1048576K
}
Event: 45.466 GC heap before
{Heap before GC invocations=54 (full 0):
 garbage-first heap   total 193536K, used 149698K [0x0000000080000000, 0x0000000100000000)
  region size 1024K, 17 young (17408K), 4 survivors (4096K)
 Metaspace       used 98006K, capacity 100546K, committed 100904K, reserved 1136640K
  class space    used 12723K, capacity 13724K, committed 13824K, reserved 1048576K
}
Event: 45.482 GC heap after
{Heap after GC invocations=55 (full 0):
 garbage-first heap   total 193536K, used 142567K [0x0000000080000000, 0x0000000100000000)
  region size 1024K, 3 young (3072K), 3 survivors (3072K)
 Metaspace       used 98006K, capacity 100546K, committed 100904K, reserved 1136640K
  class space    used 12723K, capacity 13724K, committed 13824K, reserved 1048576K
}
Event: 45.652 GC heap before
{Heap before GC invocations=55 (full 0):
 garbage-first heap   total 193536K, used 158951K [0x0000000080000000, 0x0000000100000000)
  region size 1024K, 18 young (18432K), 3 survivors (3072K)
 Metaspace       used 98051K, capacity 100616K, committed 100904K, reserved 1136640K
  class space    used 12729K, capacity 13726K, committed 13824K, reserved 1048576K
}
Event: 45.669 GC heap after
{Heap after GC invocations=56 (full 0):
 garbage-first heap   total 193536K, used 151125K [0x0000000080000000, 0x0000000100000000)
  region size 1024K, 3 young (3072K), 3 survivors (3072K)
 Metaspace       used 98051K, capacity 100616K, committed 100904K, reserved 1136640K
  class space    used 12729K, capacity 13726K, committed 13824K, reserved 1048576K
}
Event: 45.980 GC heap before
{Heap before GC invocations=57 (full 0):
 garbage-first heap   total 193536K, used 161365K [0x0000000080000000, 0x0000000100000000)
  region size 1024K, 14 young (14336K), 3 survivors (3072K)
 Metaspace       used 100276K, capacity 102917K, committed 103208K, reserved 1138688K
  class space    used 13205K, capacity 14247K, committed 14336K, reserved 1048576K
}
Event: 45.996 GC heap after
{Heap after GC invocations=58 (full 0):
 garbage-first heap   total 266240K, used 154403K [0x0000000080000000, 0x0000000100000000)
  region size 1024K, 2 young (2048K), 2 survivors (2048K)
 Metaspace       used 100276K, capacity 102917K, committed 103208K, reserved 1138688K
  class space    used 13205K, capacity 14247K, committed 14336K, reserved 1048576K
}
Event: 46.240 GC heap before
{Heap before GC invocations=58 (full 0):
 garbage-first heap   total 266240K, used 190243K [0x0000000080000000, 0x0000000100000000)
  region size 1024K, 38 young (38912K), 2 survivors (2048K)
 Metaspace       used 100479K, capacity 103193K, committed 103464K, reserved 1138688K
  class space    used 13207K, capacity 14248K, committed 14336K, reserved 1048576K
}
Event: 46.270 GC heap after
{Heap after GC invocations=59 (full 0):
 garbage-first heap   total 266240K, used 172864K [0x0000000080000000, 0x0000000100000000)
  region size 1024K, 5 young (5120K), 5 survivors (5120K)
 Metaspace       used 100479K, capacity 103193K, committed 103464K, reserved 1138688K
  class space    used 13207K, capacity 14248K, committed 14336K, reserved 1048576K
}
Event: 46.387 GC heap before
{Heap before GC invocations=59 (full 0):
 garbage-first heap   total 266240K, used 202560K [0x0000000080000000, 0x0000000100000000)
  region size 1024K, 34 young (34816K), 5 survivors (5120K)
 Metaspace       used 100496K, capacity 103196K, committed 103464K, reserved 1138688K
  class space    used 13207K, capacity 14248K, committed 14336K, reserved 1048576K
}
Event: 46.418 GC heap after
{Heap after GC invocations=60 (full 0):
 garbage-first heap   total 266240K, used 188721K [0x0000000080000000, 0x0000000100000000)
  region size 1024K, 5 young (5120K), 5 survivors (5120K)
 Metaspace       used 100496K, capacity 103196K, committed 103464K, reserved 1138688K
  class space    used 13207K, capacity 14248K, committed 14336K, reserved 1048576K
}
Event: 46.538 GC heap before
{Heap before GC invocations=60 (full 0):
 garbage-first heap   total 266240K, used 210225K [0x0000000080000000, 0x0000000100000000)
  region size 1024K, 27 young (27648K), 5 survivors (5120K)
 Metaspace       used 100499K, capacity 103196K, committed 103464K, reserved 1138688K
  class space    used 13207K, capacity 14248K, committed 14336K, reserved 1048576K
}
Event: 46.559 GC heap after
{Heap after GC invocations=61 (full 0):
 garbage-first heap   total 266240K, used 201059K [0x0000000080000000, 0x0000000100000000)
  region size 1024K, 4 young (4096K), 4 survivors (4096K)
 Metaspace       used 100499K, capacity 103196K, committed 103464K, reserved 1138688K
  class space    used 13207K, capacity 14248K, committed 14336K, reserved 1048576K
}
Event: 47.206 GC heap before
{Heap before GC invocations=62 (full 0):
 garbage-first heap   total 266240K, used 218467K [0x0000000080000000, 0x0000000100000000)
  region size 1024K, 21 young (21504K), 4 survivors (4096K)
 Metaspace       used 102833K, capacity 105592K, committed 105896K, reserved 1140736K
  class space    used 13530K, capacity 14594K, committed 14720K, reserved 1048576K
}

